2025-03-31 14:08:36,611 - vAIn - INFO - Initializing vAIn P2P AGI system...
2025-03-31 14:08:36,611 - vAIn - ERROR - System initialization failed: 
2025-03-31 14:08:36,612 - vAIn - INFO - Cleaning up resources...
2025-03-31 14:08:36,612 - vAIn - INFO - System shutdown complete
2025-03-31 16:57:33,378 - vAIn - INFO - Initializing vAIn P2P AGI system...
2025-03-31 16:57:33,378 - vAIn - ERROR - System initialization failed: 
2025-03-31 16:57:33,385 - vAIn - INFO - Cleaning up resources...
2025-03-31 16:57:33,385 - vAIn - INFO - System shutdown complete
2025-03-31 17:09:19,816 - vAIn - INFO - Initializing vAIn P2P AGI system...
2025-03-31 17:09:19,816 - vAIn - ERROR - System initialization failed: 
2025-03-31 17:09:19,817 - vAIn - INFO - Cleaning up resources...
2025-03-31 17:09:19,819 - vAIn - INFO - System shutdown complete
2025-03-31 17:22:22,278 - vAIn - INFO - Initializing vAIn P2P AGI system...
2025-03-31 17:22:22,279 - vAIn - ERROR - System initialization failed: 
2025-03-31 17:22:22,280 - vAIn - INFO - Cleaning up resources...
2025-03-31 17:22:22,280 - vAIn - INFO - System shutdown complete
2025-03-31 17:31:57,655 - vAIn - WARNING - Could not import resource monitoring utilities, some features may be limited
2025-03-31 17:31:57,657 - vAIn - INFO - Initializing vAIn P2P AGI system...
2025-03-31 17:31:57,657 - vAIn - ERROR - System initialization failed: 
2025-03-31 17:31:57,658 - vAIn - INFO - Cleaning up resources...
2025-03-31 17:31:57,658 - vAIn - INFO - System shutdown complete
2025-03-31 17:32:29,259 - vAIn - WARNING - Could not import resource monitoring utilities, some features may be limited
2025-03-31 17:32:29,261 - vAIn - INFO - Initializing vAIn P2P AGI system...
2025-03-31 17:32:29,261 - vAIn - ERROR - System initialization failed: 
2025-03-31 17:32:29,262 - vAIn - INFO - Cleaning up resources...
2025-03-31 17:32:29,262 - vAIn - INFO - System shutdown complete
2025-03-31 17:33:07,183 - vAIn - WARNING - Could not import resource monitoring utilities, some features may be limited
2025-03-31 17:33:07,185 - vAIn - INFO - Initializing vAIn P2P AGI system...
2025-03-31 17:33:07,186 - vAIn - ERROR - System initialization failed: 
2025-03-31 17:33:07,187 - vAIn - INFO - Cleaning up resources...
2025-03-31 17:33:07,187 - vAIn - INFO - System shutdown complete
2025-03-31 17:33:13,678 - vAIn - WARNING - Could not import resource monitoring utilities, some features may be limited
2025-03-31 17:33:13,680 - vAIn - INFO - Initializing vAIn P2P AGI system...
2025-03-31 17:33:13,680 - vAIn - ERROR - System initialization failed: 
2025-03-31 17:33:13,681 - vAIn - INFO - Cleaning up resources...
2025-03-31 17:33:13,681 - vAIn - INFO - System shutdown complete
2025-03-31 17:48:26,243 - vAIn - WARNING - Could not import resource monitoring utilities, some features may be limited
2025-03-31 17:48:26,246 - vAIn - INFO - Initializing vAIn P2P AGI system...
2025-03-31 17:48:26,246 - vAIn - ERROR - System initialization failed: 
2025-03-31 17:48:26,247 - vAIn - INFO - Cleaning up resources...
2025-03-31 17:48:26,247 - vAIn - INFO - System shutdown complete
2025-03-31 17:57:16,178 - vAIn - WARNING - Could not import resource monitoring utilities, some features may be limited
2025-03-31 17:57:16,181 - vAIn - INFO - Initializing vAIn P2P AGI system...
2025-03-31 17:57:16,181 - vAIn - ERROR - System initialization failed: 
2025-03-31 17:57:16,182 - vAIn - INFO - Cleaning up resources...
2025-03-31 17:57:16,182 - vAIn - INFO - System shutdown complete
2025-03-31 19:22:22,568 - vAIn - WARNING - Could not import resource monitoring utilities, some features may be limited
2025-03-31 19:22:22,571 - vAIn - INFO - Initializing vAIn P2P AGI system...
2025-03-31 19:22:22,571 - vAIn - ERROR - System initialization failed: 
2025-03-31 19:22:22,572 - vAIn - INFO - Cleaning up resources...
2025-03-31 19:22:22,573 - vAIn - INFO - System shutdown complete
2025-03-31 19:22:29,533 - vAIn - WARNING - Could not import resource monitoring utilities, some features may be limited
2025-03-31 19:22:29,535 - vAIn - INFO - Initializing vAIn P2P AGI system...
2025-03-31 19:22:29,535 - vAIn - ERROR - System initialization failed: 
2025-03-31 19:22:29,536 - vAIn - INFO - Cleaning up resources...
2025-03-31 19:22:29,536 - vAIn - INFO - System shutdown complete
2025-04-01 07:29:36,070 - vAIn - WARNING - Could not import resource monitoring utilities, some features may be limited
2025-04-01 07:29:36,073 - vAIn - INFO - Initializing vAIn P2P AGI system...
2025-04-01 07:29:36,073 - vAIn - ERROR - System initialization failed: 
2025-04-01 07:29:36,081 - vAIn - INFO - Cleaning up resources...
2025-04-01 07:29:36,081 - vAIn - INFO - System shutdown complete
2025-04-01 07:30:39,292 - vAIn - WARNING - Could not import resource monitoring utilities, some features may be limited
2025-04-01 07:30:39,296 - vAIn - INFO - Initializing vAIn P2P AGI system...
2025-04-01 07:30:39,296 - vAIn - ERROR - System initialization failed: 
2025-04-01 07:30:39,297 - vAIn - INFO - Cleaning up resources...
2025-04-01 07:30:39,297 - vAIn - INFO - System shutdown complete
2025-04-01 07:32:38,463 - vAIn - WARNING - Could not import resource monitoring utilities, some features may be limited
2025-04-01 07:32:38,465 - vAIn - INFO - Initializing vAIn P2P AGI system...
2025-04-01 07:32:38,465 - vAIn - ERROR - System initialization failed: 
2025-04-01 07:32:38,466 - vAIn - INFO - Cleaning up resources...
2025-04-01 07:32:38,466 - vAIn - INFO - System shutdown complete
2025-04-01 07:37:53,913 - vAIn - WARNING - Could not import resource monitoring utilities, some features may be limited
2025-04-01 07:37:53,915 - vAIn - INFO - Initializing vAIn P2P AGI system...
2025-04-01 07:37:53,915 - vAIn - ERROR - System initialization failed: 
2025-04-01 07:37:53,916 - vAIn - INFO - Cleaning up resources...
2025-04-01 07:37:53,916 - vAIn - INFO - System shutdown complete
2025-04-01 07:40:42,890 - vAIn - WARNING - Could not import resource monitoring utilities, some features may be limited: No module named 'utils.resource_monitor'
2025-04-01 07:40:42,891 - vAIn - INFO - Initializing vAIn P2P AGI system...
2025-04-01 07:40:42,891 - vAIn - ERROR - Failed to load configuration: No module named 'utils.config'
2025-04-01 07:40:42,891 - vAIn - ERROR - System initialization failed: Failed to load configuration
2025-04-01 07:40:42,892 - vAIn - INFO - Cleaning up resources...
2025-04-01 07:40:42,892 - vAIn - INFO - System shutdown complete
2025-04-01 07:53:24,521 - vAIn - INFO - Resource monitoring enabled (GPU support: True)
2025-04-01 07:53:24,521 - vAIn - INFO - Initializing vAIn P2P AGI system...
2025-04-01 07:53:24,525 - vAIn - INFO - Resource monitoring started
2025-04-01 07:53:24,526 - vAIn - INFO - Cleaning up resources...
2025-04-01 07:53:24,563 - vAIn - INFO - Cleanup completed for resource_monitor
2025-04-01 07:53:24,563 - vAIn - INFO - System shutdown complete
2025-04-01 07:56:27,751 - vAIn - INFO - Resource monitoring enabled (GPU support: True)
2025-04-01 07:56:27,751 - vAIn - INFO - Initializing vAIn P2P AGI system...
2025-04-01 07:56:27,753 - vAIn - INFO - Resource monitoring started
2025-04-01 07:58:42,352 - vAIn - INFO - Cleaning up resources...
2025-04-01 07:58:42,392 - vAIn - INFO - Cleanup completed for resource_monitor
2025-04-01 07:58:42,392 - vAIn - INFO - System shutdown complete
2025-04-01 08:06:52,822 - vAIn - INFO - Resource monitoring enabled (GPU support: True)
2025-04-01 08:06:52,823 - vAIn - INFO - Initializing vAIn P2P AGI system...
2025-04-01 08:06:52,824 - vAIn - INFO - Resource monitoring started
2025-04-01 08:07:17,145 - vAIn - INFO - Cleaning up resources...
2025-04-01 08:07:17,183 - vAIn - INFO - Cleanup completed for resource_monitor
2025-04-01 08:07:17,183 - vAIn - INFO - System shutdown complete
2025-04-01 08:07:21,668 - vAIn - INFO - Resource monitoring enabled (GPU support: True)
2025-04-01 08:07:21,669 - vAIn - INFO - Initializing vAIn P2P AGI system...
2025-04-01 08:07:21,670 - vAIn - INFO - Resource monitoring started
2025-04-01 08:07:23,881 - vAIn - INFO - Cleaning up resources...
2025-04-01 08:07:23,918 - vAIn - INFO - Cleanup completed for resource_monitor
2025-04-01 08:07:23,919 - vAIn - INFO - System shutdown complete
2025-04-01 08:20:41,650 - vAIn - INFO - Resource monitoring enabled (GPU support: True)
2025-04-01 08:20:41,650 - vAIn - INFO - Initializing vAIn P2P AGI system...
2025-04-01 08:20:41,652 - vAIn - INFO - Resource monitoring started
2025-04-01 08:22:13,318 - vAIn - ERROR - Error in command processing: name 'PSUTIL_AVAILABLE' is not defined
2025-04-01 08:26:32,236 - vAIn - INFO - Interactive session cancelled
2025-04-01 08:26:32,236 - vAIn - INFO - Cleaning up resources...
2025-04-01 08:26:32,284 - vAIn - INFO - Cleanup completed for resource_monitor
2025-04-01 08:26:32,284 - vAIn - INFO - System shutdown complete
2025-04-01 08:26:37,091 - vAIn - INFO - Resource monitoring enabled (GPU support: True)
2025-04-01 08:26:37,092 - vAIn - INFO - Initializing vAIn P2P AGI system...
2025-04-01 08:26:37,093 - vAIn - INFO - Resource monitoring started
2025-04-01 08:29:30,033 - vAIn - INFO - Interactive session cancelled
2025-04-01 08:29:30,033 - vAIn - INFO - Cleaning up resources...
2025-04-01 08:29:30,071 - vAIn - INFO - Cleanup completed for resource_monitor
2025-04-01 08:29:30,071 - vAIn - INFO - System shutdown complete
2025-04-01 08:32:14,232 - vAIn - INFO - Resource monitoring enabled (GPU support: True)
2025-04-01 08:32:14,233 - vAIn - INFO - Initializing vAIn P2P AGI system...
2025-04-01 08:32:14,234 - vAIn - INFO - Resource monitoring started
2025-04-01 10:17:00,725 - vAIn - INFO - Interactive session cancelled
2025-04-01 10:17:00,725 - vAIn - INFO - Cleaning up resources...
2025-04-01 10:17:00,767 - vAIn - INFO - Cleanup completed for resource_monitor
2025-04-01 10:17:00,768 - vAIn - INFO - System shutdown complete
2025-04-01 10:17:05,527 - vAIn - INFO - Resource monitoring enabled (GPU support: True)
2025-04-01 10:17:05,528 - vAIn - INFO - Initializing vAIn P2P AGI system...
2025-04-01 10:17:05,529 - vAIn - INFO - Resource monitoring started
2025-04-01 10:19:26,483 - vAIn - INFO - Interactive session cancelled
2025-04-01 10:19:26,483 - vAIn - INFO - Cleaning up resources...
2025-04-01 10:19:26,531 - vAIn - INFO - Cleanup completed for resource_monitor
2025-04-01 10:19:26,532 - vAIn - INFO - System shutdown complete
